New log file opened at Fri Sep 02 16:24:37 BST 2016 by 4724@L702395
Sending msg to client activator-66d8828e-fabd-4341-8026-691377f27035: DetachedLogEvent(LogMessage(debug,sbt server socket logs are in: C:\Balamurugan\My_Workspace\snap_enovation_import\.sbtserver\connections\master.log))
Sending msg to client activator-66d8828e-fabd-4341-8026-691377f27035: DetachedLogEvent(LogMessage(debug,sbt client logs are in: C:\Balamurugan\My_Workspace\snap_enovation_import\.sbtserver\connections\activator-66d8828e-fabd-4341-8026-691377f27035.log))
Sending msg to client activator-66d8828e-fabd-4341-8026-691377f27035: DetachedLogEvent(LogMessage(debug,sbt general server logs are in: C:\Balamurugan\My_Workspace\snap_enovation_import\.sbtserver\master.log))
Dropping message DetachedLogEvent(LogMessage(debug,sbt client logs are in: C:\Balamurugan\My_Workspace\snap_enovation_import\.sbtserver\connections\activator-66d8828e-fabd-4341-8026-691377f27035.log)) because client activator-66d8828e-fabd-4341-8026-691377f27035 of an exception serializing and sending: java.net.SocketException: Software caused connection abort: socket write error
stack trace sending message was 
java.net.SocketException: Software caused connection abort: socket write error
	at java.net.SocketOutputStream.socketWrite0(Native Method)
	at java.net.SocketOutputStream.socketWrite(SocketOutputStream.java:109)
	at java.net.SocketOutputStream.write(SocketOutputStream.java:153)
	at java.io.BufferedOutputStream.flushBuffer(BufferedOutputStream.java:82)
	at java.io.BufferedOutputStream.flush(BufferedOutputStream.java:140)
	at java.io.DataOutputStream.flush(DataOutputStream.java:123)
	at sbt.impl.ipc.Peer.send(IPC.scala:79)
	at sbt.impl.ipc.Peer.send(IPC.scala:83)
	at sbt.impl.ipc.Peer.sendString(IPC.scala:106)
	at sbt.impl.ipc.Peer.sendJson(IPC.scala:119)
	at sbt.server.SbtClientHandler$$anonfun$send$1.apply$mcV$sp(SbtClientHandler.scala:128)
	at sbt.server.SbtClientHandler.wrappedSend(SbtClientHandler.scala:113)
	at sbt.server.SbtClientHandler.send(SbtClientHandler.scala:128)
	at sbt.server.SbtClientHandler$clientThread$.run(SbtClientHandler.scala:42)
Dropping message DetachedLogEvent(LogMessage(debug,sbt general server logs are in: C:\Balamurugan\My_Workspace\snap_enovation_import\.sbtserver\master.log)) because client activator-66d8828e-fabd-4341-8026-691377f27035 of an exception serializing and sending: java.net.SocketException: Software caused connection abort: socket write error
stack trace sending message was 
java.net.SocketException: Software caused connection abort: socket write error
	at java.net.SocketOutputStream.socketWrite0(Native Method)
	at java.net.SocketOutputStream.socketWrite(SocketOutputStream.java:109)
	at java.net.SocketOutputStream.write(SocketOutputStream.java:153)
	at java.io.BufferedOutputStream.flushBuffer(BufferedOutputStream.java:82)
	at java.io.BufferedOutputStream.flush(BufferedOutputStream.java:140)
	at java.io.DataOutputStream.flush(DataOutputStream.java:123)
	at sbt.impl.ipc.Peer.send(IPC.scala:79)
	at sbt.impl.ipc.Peer.send(IPC.scala:83)
	at sbt.impl.ipc.Peer.sendString(IPC.scala:106)
	at sbt.impl.ipc.Peer.sendJson(IPC.scala:119)
	at sbt.server.SbtClientHandler$$anonfun$send$1.apply$mcV$sp(SbtClientHandler.scala:128)
	at sbt.server.SbtClientHandler.wrappedSend(SbtClientHandler.scala:113)
	at sbt.server.SbtClientHandler.send(SbtClientHandler.scala:128)
	at sbt.server.SbtServerSocketHandler$$anon$1.run(SbtServerSocketHandler.scala:92)
Reading next message from client.
Client activator-66d8828e-fabd-4341-8026-691377f27035 closed, java.net.SocketException: socket is closed, shutting down
Dropping message (0,ReceivedResponse()) to dead client activator-66d8828e-fabd-4341-8026-691377f27035
Client activator-66d8828e-fabd-4341-8026-691377f27035 thread exiting.
